2017-08-28 19:05:35,982 ERROR 找不到元素:('css selector', '#tableBody>tr:nth-child(1)>td:nth-child(8)>a.btn.btn-sm.btn-danger>span.lang')' 
2017-08-28 19:06:47,014 ERROR 找不到元素:('link text', '201708281957_plan')' 
2017-08-28 19:13:37,551 ERROR 找不到元素:('link text', '201708281907_plan')' 
2017-08-28 19:13:48,012 ERROR 找不到元素:('link text', '201708281907_plan')' 
2017-08-28 19:14:56,862 ERROR 找不到元素:('link text', u'\u786e\u5b9a')' 
2017-08-28 19:14:56,862 ERROR 截图失败：添加脚本' 
2017-08-28 19:15:26,677 ERROR 找不到元素:('css selector', '#tableBody>tr:nth-child(1)>td:nth-child(8)>a.btn.btn-sm.btn-danger>span.lang')' 
2017-08-28 19:16:19,911 ERROR 找不到元素:('link text', '201708281959_plan')' 
2017-08-28 19:25:53,190 ERROR 找不到元素:('link text', '201708281942_plan')' 
2017-08-28 19:30:15,020 ERROR 找不到元素:('link text', '201708281954_plan')' 
2017-08-28 19:32:54,342 ERROR 找不到元素:('link text', '201708281939_plan')' 
2017-08-29 10:40:18,958 ERROR 找不到元素:('link text', '201708291052_plan')' 
2017-08-29 10:55:20,957 ERROR 找不到元素:('link text', '201708291015_plan')' 
2017-08-29 10:57:18,803 ERROR 找不到元素:('css selector', '#toTestCaseBtn>span.lang')' 
2017-08-29 11:05:14,857 ERROR 找不到元素:('link text', '201708291143_plan')' 
2017-08-29 11:06:32,559 ERROR 找不到元素:('link text', '201708291100_plan')' 
2017-08-29 11:09:58,535 ERROR 找不到元素:('link text', '201708291127_plan')' 
2017-08-29 11:11:21,043 ERROR 找不到元素:('link text', '201708291150_plan')' 
2017-08-29 13:17:08,340 ERROR 找不到元素:('css selector', '#toTestCaseBtn>span.lang')' 
2017-09-14 11:24:21,653 ERROR 找不到元素:('link text', '201709141143_plan')' 
